mode: set
/Users/holm/Documents/open/6.5840/src/raft1/election.go:20.77,24.32 3 1
/Users/holm/Documents/open/6.5840/src/raft1/election.go:24.32,26.3 1 1
/Users/holm/Documents/open/6.5840/src/raft1/election.go:28.2,28.32 1 1
/Users/holm/Documents/open/6.5840/src/raft1/election.go:28.32,32.3 3 1
/Users/holm/Documents/open/6.5840/src/raft1/election.go:34.2,37.48 3 1
/Users/holm/Documents/open/6.5840/src/raft1/election.go:37.48,42.3 4 1
/Users/holm/Documents/open/6.5840/src/raft1/election.go:42.8,44.3 1 1
/Users/holm/Documents/open/6.5840/src/raft1/election.go:46.2,46.29 1 1
/Users/holm/Documents/open/6.5840/src/raft1/election.go:49.98,52.2 2 0
/Users/holm/Documents/open/6.5840/src/raft1/election.go:54.41,66.26 5 0
/Users/holm/Documents/open/6.5840/src/raft1/election.go:66.26,67.17 1 0
/Users/holm/Documents/open/6.5840/src/raft1/election.go:67.17,68.12 1 0
/Users/holm/Documents/open/6.5840/src/raft1/election.go:71.3,71.21 1 0
/Users/holm/Documents/open/6.5840/src/raft1/election.go:71.21,75.10 3 0
/Users/holm/Documents/open/6.5840/src/raft1/election.go:75.10,80.21 4 0
/Users/holm/Documents/open/6.5840/src/raft1/election.go:80.21,82.6 1 0
/Users/holm/Documents/open/6.5840/src/raft1/election.go:84.5,84.36 1 0
/Users/holm/Documents/open/6.5840/src/raft1/election.go:84.36,87.6 2 0
/Users/holm/Documents/open/6.5840/src/raft1/election.go:89.5,89.26 1 0
/Users/holm/Documents/open/6.5840/src/raft1/election.go:89.26,93.21 3 0
/Users/holm/Documents/open/6.5840/src/raft1/election.go:93.21,95.7 1 0
/Users/holm/Documents/open/6.5840/src/raft1/election.go:102.45,108.2 5 1
/Users/holm/Documents/open/6.5840/src/raft1/election.go:110.35,116.2 5 1
/Users/holm/Documents/open/6.5840/src/raft1/election.go:118.32,126.31 6 1
/Users/holm/Documents/open/6.5840/src/raft1/election.go:126.31,129.3 2 1
/Users/holm/Documents/open/6.5840/src/raft1/election.go:131.2,131.25 1 1
/Users/holm/Documents/open/6.5840/src/raft1/election.go:134.26,135.11 1 0
/Users/holm/Documents/open/6.5840/src/raft1/election.go:135.11,140.95 4 0
/Users/holm/Documents/open/6.5840/src/raft1/election.go:140.95,143.4 2 0
/Users/holm/Documents/open/6.5840/src/raft1/election.go:144.3,144.17 1 0
/Users/holm/Documents/open/6.5840/src/raft1/log.go:9.56,11.2 1 1
/Users/holm/Documents/open/6.5840/src/raft1/log.go:13.41,15.2 1 1
/Users/holm/Documents/open/6.5840/src/raft1/log.go:17.40,19.2 1 1
/Users/holm/Documents/open/6.5840/src/raft1/log.go:21.44,22.108 1 1
/Users/holm/Documents/open/6.5840/src/raft1/log.go:22.108,24.23 2 1
/Users/holm/Documents/open/6.5840/src/raft1/log.go:24.23,25.9 1 0
/Users/holm/Documents/open/6.5840/src/raft1/log.go:28.3,29.27 2 1
/Users/holm/Documents/open/6.5840/src/raft1/log.go:29.27,30.12 1 1
/Users/holm/Documents/open/6.5840/src/raft1/log.go:33.3,34.32 2 1
/Users/holm/Documents/open/6.5840/src/raft1/log.go:34.32,35.78 1 1
/Users/holm/Documents/open/6.5840/src/raft1/log.go:35.78,37.5 1 1
/Users/holm/Documents/open/6.5840/src/raft1/log.go:40.3,40.37 1 1
/Users/holm/Documents/open/6.5840/src/raft1/log.go:40.37,43.9 3 1
/Users/holm/Documents/open/6.5840/src/raft1/log.go:48.27,52.6 3 0
/Users/holm/Documents/open/6.5840/src/raft1/log.go:52.6,53.58 1 0
/Users/holm/Documents/open/6.5840/src/raft1/log.go:53.58,55.4 1 0
/Users/holm/Documents/open/6.5840/src/raft1/log.go:57.3,60.36 3 0
/Users/holm/Documents/open/6.5840/src/raft1/log.go:60.36,62.12 2 0
/Users/holm/Documents/open/6.5840/src/raft1/log.go:65.3,73.15 4 0
/Users/holm/Documents/open/6.5840/src/raft1/log.go:77.56,78.33 1 1
/Users/holm/Documents/open/6.5840/src/raft1/log.go:78.33,80.3 1 1
/Users/holm/Documents/open/6.5840/src/raft1/log.go:80.8,83.3 2 1
/Users/holm/Documents/open/6.5840/src/raft1/log.go:86.94,92.19 5 1
/Users/holm/Documents/open/6.5840/src/raft1/log.go:92.19,94.3 1 1
/Users/holm/Documents/open/6.5840/src/raft1/log.go:96.2,97.40 2 1
/Users/holm/Documents/open/6.5840/src/raft1/log.go:97.40,99.3 1 0
/Users/holm/Documents/open/6.5840/src/raft1/log.go:101.2,103.17 3 1
/Users/holm/Documents/open/6.5840/src/raft1/log.go:103.17,107.3 3 1
/Users/holm/Documents/open/6.5840/src/raft1/log.go:109.2,109.13 1 1
/Users/holm/Documents/open/6.5840/src/raft1/log.go:112.68,114.111 2 1
/Users/holm/Documents/open/6.5840/src/raft1/log.go:114.111,116.3 1 1
/Users/holm/Documents/open/6.5840/src/raft1/log.go:117.2,117.19 1 1
/Users/holm/Documents/open/6.5840/src/raft1/log.go:120.76,121.43 1 1
/Users/holm/Documents/open/6.5840/src/raft1/log.go:121.43,125.27 3 1
/Users/holm/Documents/open/6.5840/src/raft1/log.go:125.27,126.12 1 0
/Users/holm/Documents/open/6.5840/src/raft1/log.go:129.3,130.20 2 1
/Users/holm/Documents/open/6.5840/src/raft1/log.go:130.20,133.19 3 1
/Users/holm/Documents/open/6.5840/src/raft1/log.go:133.19,138.5 4 1
/Users/holm/Documents/open/6.5840/src/raft1/log.go:139.9,143.4 3 1
/Users/holm/Documents/open/6.5840/src/raft1/log.go:147.110,148.54 1 1
/Users/holm/Documents/open/6.5840/src/raft1/log.go:148.54,150.3 1 1
/Users/holm/Documents/open/6.5840/src/raft1/log.go:152.2,153.48 2 1
/Users/holm/Documents/open/6.5840/src/raft1/log.go:153.48,155.3 1 1
/Users/holm/Documents/open/6.5840/src/raft1/log.go:155.8,157.3 1 1
/Users/holm/Documents/open/6.5840/src/raft1/log.go:159.2,159.23 1 1
/Users/holm/Documents/open/6.5840/src/raft1/log.go:162.98,166.43 3 1
/Users/holm/Documents/open/6.5840/src/raft1/log.go:166.43,168.3 1 1
/Users/holm/Documents/open/6.5840/src/raft1/log.go:169.2,169.48 1 1
/Users/holm/Documents/open/6.5840/src/raft1/log.go:172.112,174.28 2 1
/Users/holm/Documents/open/6.5840/src/raft1/log.go:174.28,176.3 1 1
/Users/holm/Documents/open/6.5840/src/raft1/log.go:178.2,178.61 1 1
/Users/holm/Documents/open/6.5840/src/raft1/log.go:178.61,180.28 2 1
/Users/holm/Documents/open/6.5840/src/raft1/log.go:180.28,182.4 1 1
/Users/holm/Documents/open/6.5840/src/raft1/log.go:185.2,185.22 1 1
/Users/holm/Documents/open/6.5840/src/raft1/log.go:188.56,194.2 5 1
/Users/holm/Documents/open/6.5840/src/raft1/log.go:196.92,200.22 2 1
/Users/holm/Documents/open/6.5840/src/raft1/log.go:200.22,205.3 4 1
/Users/holm/Documents/open/6.5840/src/raft1/log.go:205.8,207.3 1 1
/Users/holm/Documents/open/6.5840/src/raft1/log.go:209.2,209.38 1 1
/Users/holm/Documents/open/6.5840/src/raft1/log.go:212.66,213.50 1 1
/Users/holm/Documents/open/6.5840/src/raft1/log.go:213.50,215.3 1 1
/Users/holm/Documents/open/6.5840/src/raft1/log.go:216.2,216.48 1 1
/Users/holm/Documents/open/6.5840/src/raft1/log.go:216.48,218.3 1 1
/Users/holm/Documents/open/6.5840/src/raft1/log.go:221.97,232.2 4 1
/Users/holm/Documents/open/6.5840/src/raft1/persist.go:10.42,18.2 7 1
/Users/holm/Documents/open/6.5840/src/raft1/persist.go:20.27,22.2 1 1
/Users/holm/Documents/open/6.5840/src/raft1/persist.go:24.50,26.2 1 0
/Users/holm/Documents/open/6.5840/src/raft1/persist.go:28.42,29.34 1 0
/Users/holm/Documents/open/6.5840/src/raft1/persist.go:29.34,31.3 1 0
/Users/holm/Documents/open/6.5840/src/raft1/persist.go:33.2,44.32 7 0
/Users/holm/Documents/open/6.5840/src/raft1/persist.go:44.32,46.3 1 0
/Users/holm/Documents/open/6.5840/src/raft1/persist.go:48.2,55.40 6 0
/Users/holm/Documents/open/6.5840/src/raft1/persist.go:59.36,63.2 3 0
/Users/holm/Documents/open/6.5840/src/raft1/persist.go:69.54,73.31 3 0
/Users/holm/Documents/open/6.5840/src/raft1/persist.go:73.31,75.3 1 0
/Users/holm/Documents/open/6.5840/src/raft1/persist.go:77.2,78.30 2 0
/Users/holm/Documents/open/6.5840/src/raft1/persist.go:81.90,86.2 4 0
/Users/holm/Documents/open/6.5840/src/raft1/raft.go:64.40,68.2 3 0
/Users/holm/Documents/open/6.5840/src/raft1/raft.go:81.61,85.23 3 0
/Users/holm/Documents/open/6.5840/src/raft1/raft.go:85.23,87.3 1 0
/Users/holm/Documents/open/6.5840/src/raft1/raft.go:89.2,99.53 5 0
/Users/holm/Documents/open/6.5840/src/raft1/raft.go:112.75,140.2 20 0
/Users/holm/Documents/open/6.5840/src/raft1/replication.go:37.104,40.2 2 1
/Users/holm/Documents/open/6.5840/src/raft1/replication.go:42.110,45.2 2 0
/Users/holm/Documents/open/6.5840/src/raft1/replication.go:47.35,48.11 1 1
/Users/holm/Documents/open/6.5840/src/raft1/replication.go:48.11,50.24 2 1
/Users/holm/Documents/open/6.5840/src/raft1/replication.go:50.24,53.4 2 0
/Users/holm/Documents/open/6.5840/src/raft1/replication.go:54.3,57.32 3 1
/Users/holm/Documents/open/6.5840/src/raft1/replication.go:61.42,65.23 3 1
/Users/holm/Documents/open/6.5840/src/raft1/replication.go:65.23,67.3 1 0
/Users/holm/Documents/open/6.5840/src/raft1/replication.go:69.2,69.31 1 1
/Users/holm/Documents/open/6.5840/src/raft1/replication.go:69.31,70.22 1 1
/Users/holm/Documents/open/6.5840/src/raft1/replication.go:70.22,71.12 1 1
/Users/holm/Documents/open/6.5840/src/raft1/replication.go:74.3,74.48 1 1
/Users/holm/Documents/open/6.5840/src/raft1/replication.go:78.69,80.57 2 1
/Users/holm/Documents/open/6.5840/src/raft1/replication.go:80.57,83.3 2 0
/Users/holm/Documents/open/6.5840/src/raft1/replication.go:85.2,85.61 1 1
/Users/holm/Documents/open/6.5840/src/raft1/replication.go:85.61,96.58 4 0
/Users/holm/Documents/open/6.5840/src/raft1/replication.go:96.58,98.4 1 0
/Users/holm/Documents/open/6.5840/src/raft1/replication.go:99.3,99.9 1 0
/Users/holm/Documents/open/6.5840/src/raft1/replication.go:102.2,108.19 5 1
/Users/holm/Documents/open/6.5840/src/raft1/replication.go:108.19,110.3 1 0
/Users/holm/Documents/open/6.5840/src/raft1/replication.go:113.118,117.54 3 0
/Users/holm/Documents/open/6.5840/src/raft1/replication.go:117.54,119.3 1 0
/Users/holm/Documents/open/6.5840/src/raft1/replication.go:121.2,121.33 1 0
/Users/holm/Documents/open/6.5840/src/raft1/replication.go:121.33,124.3 2 0
/Users/holm/Documents/open/6.5840/src/raft1/replication.go:126.2,126.70 1 0
/Users/holm/Documents/open/6.5840/src/raft1/replication.go:126.70,130.3 3 0
/Users/holm/Documents/open/6.5840/src/raft1/replication.go:133.76,149.2 6 1
/Users/holm/Documents/open/6.5840/src/raft1/replication.go:151.112,156.18 4 1
/Users/holm/Documents/open/6.5840/src/raft1/replication.go:156.18,158.3 1 1
/Users/holm/Documents/open/6.5840/src/raft1/replication.go:160.2,160.33 1 1
/Users/holm/Documents/open/6.5840/src/raft1/replication.go:160.33,163.3 2 1
/Users/holm/Documents/open/6.5840/src/raft1/replication.go:165.2,165.19 1 1
/Users/holm/Documents/open/6.5840/src/raft1/replication.go:165.19,168.57 2 1
/Users/holm/Documents/open/6.5840/src/raft1/replication.go:168.57,172.4 3 1
/Users/holm/Documents/open/6.5840/src/raft1/replication.go:173.8,179.3 1 1
/Users/holm/Documents/open/6.5840/src/raft1/replication.go:182.83,189.32 5 1
/Users/holm/Documents/open/6.5840/src/raft1/replication.go:189.32,191.3 1 1
/Users/holm/Documents/open/6.5840/src/raft1/replication.go:193.2,196.42 3 1
/Users/holm/Documents/open/6.5840/src/raft1/replication.go:196.42,199.3 2 1
/Users/holm/Documents/open/6.5840/src/raft1/replication.go:201.2,205.22 3 1
/Users/holm/Documents/open/6.5840/src/raft1/replication.go:208.89,214.32 4 0
/Users/holm/Documents/open/6.5840/src/raft1/replication.go:214.32,216.3 1 0
/Users/holm/Documents/open/6.5840/src/raft1/replication.go:218.2,221.48 3 0
/Users/holm/Documents/open/6.5840/src/raft1/replication.go:221.48,223.3 1 0
/Users/holm/Documents/open/6.5840/src/raft1/replication.go:225.2,225.77 1 0
